[1.012s] Invoking command in '/home/user/ros2_ws/src/my_rb1_robot/my_rb1_robot': PYTHONPATH=/home/user/ros2_ws/build/my_rb1_robot/prefix_override:/usr/lib/python3/dist-packages/colcon_core/task/python/colcon_distutils_commands:/home/user/ros2_ws/install/my_rb1_robot/lib/python3.12/site-packages:${PYTHONPATH} _=/usr/bin/env /usr/bin/python3 -W ignore:setup.py install is deprecated -W ignore:easy_install command is deprecated setup.py egg_info --egg-base ../../../build/my_rb1_robot build --build-base /home/user/ros2_ws/build/my_rb1_robot/build install --record /home/user/ros2_ws/build/my_rb1_robot/install.log --single-version-externally-managed install_data
[1.306s] running egg_info
[1.306s] creating ../../../build/my_rb1_robot/my_rb1_robot.egg-info
[1.324s] writing ../../../build/my_rb1_robot/my_rb1_robot.egg-info/PKG-INFO
[1.324s] writing dependency_links to ../../../build/my_rb1_robot/my_rb1_robot.egg-info/dependency_links.txt
[1.324s] writing requirements to ../../../build/my_rb1_robot/my_rb1_robot.egg-info/requires.txt
[1.324s] writing top-level names to ../../../build/my_rb1_robot/my_rb1_robot.egg-info/top_level.txt
[1.324s] writing manifest file '../../../build/my_rb1_robot/my_rb1_robot.egg-info/SOURCES.txt'
[1.362s] reading manifest file '../../../build/my_rb1_robot/my_rb1_robot.egg-info/SOURCES.txt'
[1.363s] writing manifest file '../../../build/my_rb1_robot/my_rb1_robot.egg-info/SOURCES.txt'
[1.363s] running build
[1.363s] running build_py
[1.363s] creating /home/user/ros2_ws/build/my_rb1_robot/build
[1.364s] creating /home/user/ros2_ws/build/my_rb1_robot/build/lib
[1.364s] creating /home/user/ros2_ws/build/my_rb1_robot/build/lib/my_rb1_robot
[1.364s] copying my_rb1_robot/__init__.py -> /home/user/ros2_ws/build/my_rb1_robot/build/lib/my_rb1_robot
[1.364s] running install
[1.370s] running install_lib
[1.389s] creating /home/user/ros2_ws/install/my_rb1_robot/lib/python3.12/site-packages/my_rb1_robot
[1.389s] copying /home/user/ros2_ws/build/my_rb1_robot/build/lib/my_rb1_robot/__init__.py -> /home/user/ros2_ws/install/my_rb1_robot/lib/python3.12/site-packages/my_rb1_robot
[1.390s] byte-compiling /home/user/ros2_ws/install/my_rb1_robot/lib/python3.12/site-packages/my_rb1_robot/__init__.py to __init__.cpython-312.pyc
[1.390s] running install_data
[1.390s] creating /home/user/ros2_ws/install/my_rb1_robot/share/ament_index
[1.390s] creating /home/user/ros2_ws/install/my_rb1_robot/share/ament_index/resource_index
[1.390s] creating /home/user/ros2_ws/install/my_rb1_robot/share/ament_index/resource_index/packages
[1.390s] copying resource/my_rb1_robot -> /home/user/ros2_ws/install/my_rb1_robot/share/ament_index/resource_index/packages
[1.390s] copying package.xml -> /home/user/ros2_ws/install/my_rb1_robot/share/my_rb1_robot
[1.391s] running install_egg_info
[1.410s] Copying ../../../build/my_rb1_robot/my_rb1_robot.egg-info to /home/user/ros2_ws/install/my_rb1_robot/lib/python3.12/site-packages/my_rb1_robot-0.0.0-py3.12.egg-info
[1.411s] running install_scripts
[1.558s] writing list of installed files to '/home/user/ros2_ws/build/my_rb1_robot/install.log'
[1.603s] Invoked command in '/home/user/ros2_ws/src/my_rb1_robot/my_rb1_robot' returned '0': PYTHONPATH=/home/user/ros2_ws/build/my_rb1_robot/prefix_override:/usr/lib/python3/dist-packages/colcon_core/task/python/colcon_distutils_commands:/home/user/ros2_ws/install/my_rb1_robot/lib/python3.12/site-packages:${PYTHONPATH} _=/usr/bin/env /usr/bin/python3 -W ignore:setup.py install is deprecated -W ignore:easy_install command is deprecated setup.py egg_info --egg-base ../../../build/my_rb1_robot build --build-base /home/user/ros2_ws/build/my_rb1_robot/build install --record /home/user/ros2_ws/build/my_rb1_robot/install.log --single-version-externally-managed install_data
