[0.992s] Invoking command in '/home/user/ros2_ws/src/my_rb1_robot/my_rb1_gazebo': PYTHONPATH=/home/user/ros2_ws/build/my_rb1_gazebo/prefix_override:/usr/lib/python3/dist-packages/colcon_core/task/python/colcon_distutils_commands:/home/user/ros2_ws/install/my_rb1_gazebo/lib/python3.12/site-packages:${PYTHONPATH} _=/usr/bin/env /usr/bin/python3 -W ignore:setup.py install is deprecated -W ignore:easy_install command is deprecated setup.py egg_info --egg-base ../../../build/my_rb1_gazebo build --build-base /home/user/ros2_ws/build/my_rb1_gazebo/build install --record /home/user/ros2_ws/build/my_rb1_gazebo/install.log --single-version-externally-managed install_data
[1.257s] running egg_info
[1.275s] writing ../../../build/my_rb1_gazebo/my_rb1_gazebo.egg-info/PKG-INFO
[1.275s] writing dependency_links to ../../../build/my_rb1_gazebo/my_rb1_gazebo.egg-info/dependency_links.txt
[1.276s] writing requirements to ../../../build/my_rb1_gazebo/my_rb1_gazebo.egg-info/requires.txt
[1.276s] writing top-level names to ../../../build/my_rb1_gazebo/my_rb1_gazebo.egg-info/top_level.txt
[1.313s] reading manifest file '../../../build/my_rb1_gazebo/my_rb1_gazebo.egg-info/SOURCES.txt'
[1.314s] writing manifest file '../../../build/my_rb1_gazebo/my_rb1_gazebo.egg-info/SOURCES.txt'
[1.314s] running build
[1.314s] running build_py
[1.314s] running install
[1.321s] running install_lib
[1.341s] running install_data
[1.341s] copying launch/spawn.launch.py -> /home/user/ros2_ws/install/my_rb1_gazebo/share/my_rb1_gazebo/launch
[1.341s] running install_egg_info
[1.361s] removing '/home/user/ros2_ws/install/my_rb1_gazebo/lib/python3.12/site-packages/my_rb1_gazebo-0.0.0-py3.12.egg-info' (and everything under it)
[1.361s] Copying ../../../build/my_rb1_gazebo/my_rb1_gazebo.egg-info to /home/user/ros2_ws/install/my_rb1_gazebo/lib/python3.12/site-packages/my_rb1_gazebo-0.0.0-py3.12.egg-info
[1.362s] running install_scripts
[1.495s] writing list of installed files to '/home/user/ros2_ws/build/my_rb1_gazebo/install.log'
[1.522s] Invoked command in '/home/user/ros2_ws/src/my_rb1_robot/my_rb1_gazebo' returned '0': PYTHONPATH=/home/user/ros2_ws/build/my_rb1_gazebo/prefix_override:/usr/lib/python3/dist-packages/colcon_core/task/python/colcon_distutils_commands:/home/user/ros2_ws/install/my_rb1_gazebo/lib/python3.12/site-packages:${PYTHONPATH} _=/usr/bin/env /usr/bin/python3 -W ignore:setup.py install is deprecated -W ignore:easy_install command is deprecated setup.py egg_info --egg-base ../../../build/my_rb1_gazebo build --build-base /home/user/ros2_ws/build/my_rb1_gazebo/build install --record /home/user/ros2_ws/build/my_rb1_gazebo/install.log --single-version-externally-managed install_data
