[0.810s] Invoking command in '/home/user/ros2_ws/src/my_rb1_robot/my_rb1_description': PYTHONPATH=/home/user/ros2_ws/build/my_rb1_description/prefix_override:/usr/lib/python3/dist-packages/colcon_core/task/python/colcon_distutils_commands:/home/user/ros2_ws/install/my_rb1_description/lib/python3.12/site-packages:${PYTHONPATH} _=/usr/bin/env /usr/bin/python3 -W ignore:setup.py install is deprecated -W ignore:easy_install command is deprecated setup.py egg_info --egg-base ../../../build/my_rb1_description build --build-base /home/user/ros2_ws/build/my_rb1_description/build install --record /home/user/ros2_ws/build/my_rb1_description/install.log --single-version-externally-managed install_data
[1.080s] running egg_info
[1.099s] writing ../../../build/my_rb1_description/my_rb1_description.egg-info/PKG-INFO
[1.099s] writing dependency_links to ../../../build/my_rb1_description/my_rb1_description.egg-info/dependency_links.txt
[1.099s] writing requirements to ../../../build/my_rb1_description/my_rb1_description.egg-info/requires.txt
[1.099s] writing top-level names to ../../../build/my_rb1_description/my_rb1_description.egg-info/top_level.txt
[1.138s] reading manifest file '../../../build/my_rb1_description/my_rb1_description.egg-info/SOURCES.txt'
[1.139s] writing manifest file '../../../build/my_rb1_description/my_rb1_description.egg-info/SOURCES.txt'
[1.139s] running build
[1.139s] running build_py
[1.139s] running install
[1.146s] running install_lib
[1.166s] running install_data
[1.166s] creating /home/user/ros2_ws/install/my_rb1_description/share/my_rb1_description/urdf
[1.166s] copying urdf/my_rb1_robot.urdf -> /home/user/ros2_ws/install/my_rb1_description/share/my_rb1_description/urdf
[1.166s] running install_egg_info
[1.187s] removing '/home/user/ros2_ws/install/my_rb1_description/lib/python3.12/site-packages/my_rb1_description-0.0.0-py3.12.egg-info' (and everything under it)
[1.187s] Copying ../../../build/my_rb1_description/my_rb1_description.egg-info to /home/user/ros2_ws/install/my_rb1_description/lib/python3.12/site-packages/my_rb1_description-0.0.0-py3.12.egg-info
[1.188s] running install_scripts
[1.324s] writing list of installed files to '/home/user/ros2_ws/build/my_rb1_description/install.log'
[1.355s] Invoked command in '/home/user/ros2_ws/src/my_rb1_robot/my_rb1_description' returned '0': PYTHONPATH=/home/user/ros2_ws/build/my_rb1_description/prefix_override:/usr/lib/python3/dist-packages/colcon_core/task/python/colcon_distutils_commands:/home/user/ros2_ws/install/my_rb1_description/lib/python3.12/site-packages:${PYTHONPATH} _=/usr/bin/env /usr/bin/python3 -W ignore:setup.py install is deprecated -W ignore:easy_install command is deprecated setup.py egg_info --egg-base ../../../build/my_rb1_description build --build-base /home/user/ros2_ws/build/my_rb1_description/build install --record /home/user/ros2_ws/build/my_rb1_description/install.log --single-version-externally-managed install_data
