[0.819s] Invoking command in '/home/user/ros2_ws/src/my_rb1_robot/my_rb1_description': PYTHONPATH=/home/user/ros2_ws/build/my_rb1_description/prefix_override:/usr/lib/python3/dist-packages/colcon_core/task/python/colcon_distutils_commands:/home/user/ros2_ws/install/my_rb1_description/lib/python3.12/site-packages:${PYTHONPATH} _=/usr/bin/env /usr/bin/python3 -W ignore:setup.py install is deprecated -W ignore:easy_install command is deprecated setup.py egg_info --egg-base ../../../build/my_rb1_description build --build-base /home/user/ros2_ws/build/my_rb1_description/build install --record /home/user/ros2_ws/build/my_rb1_description/install.log --single-version-externally-managed install_data
[1.086s] running egg_info
[1.105s] writing ../../../build/my_rb1_description/my_rb1_description.egg-info/PKG-INFO
[1.106s] writing dependency_links to ../../../build/my_rb1_description/my_rb1_description.egg-info/dependency_links.txt
[1.107s] writing requirements to ../../../build/my_rb1_description/my_rb1_description.egg-info/requires.txt
[1.107s] writing top-level names to ../../../build/my_rb1_description/my_rb1_description.egg-info/top_level.txt
[1.147s] reading manifest file '../../../build/my_rb1_description/my_rb1_description.egg-info/SOURCES.txt'
[1.147s] writing manifest file '../../../build/my_rb1_description/my_rb1_description.egg-info/SOURCES.txt'
[1.147s] running build
[1.147s] running build_py
[1.148s] running install
[1.154s] running install_lib
[1.174s] running install_data
[1.174s] copying launch/display.launch.py -> /home/user/ros2_ws/install/my_rb1_description/share/my_rb1_description/launch
[1.174s] running install_egg_info
[1.195s] removing '/home/user/ros2_ws/install/my_rb1_description/lib/python3.12/site-packages/my_rb1_description-0.0.0-py3.12.egg-info' (and everything under it)
[1.195s] Copying ../../../build/my_rb1_description/my_rb1_description.egg-info to /home/user/ros2_ws/install/my_rb1_description/lib/python3.12/site-packages/my_rb1_description-0.0.0-py3.12.egg-info
[1.196s] running install_scripts
[1.330s] writing list of installed files to '/home/user/ros2_ws/build/my_rb1_description/install.log'
[1.360s] Invoked command in '/home/user/ros2_ws/src/my_rb1_robot/my_rb1_description' returned '0': PYTHONPATH=/home/user/ros2_ws/build/my_rb1_description/prefix_override:/usr/lib/python3/dist-packages/colcon_core/task/python/colcon_distutils_commands:/home/user/ros2_ws/install/my_rb1_description/lib/python3.12/site-packages:${PYTHONPATH} _=/usr/bin/env /usr/bin/python3 -W ignore:setup.py install is deprecated -W ignore:easy_install command is deprecated setup.py egg_info --egg-base ../../../build/my_rb1_description build --build-base /home/user/ros2_ws/build/my_rb1_description/build install --record /home/user/ros2_ws/build/my_rb1_description/install.log --single-version-externally-managed install_data
