[1.092s] Invoking command in '/home/user/ros2_ws/src/my_rb1_robot/my_rb1_gazebo': PYTHONPATH=/home/user/ros2_ws/build/my_rb1_gazebo/prefix_override:/usr/lib/python3/dist-packages/colcon_core/task/python/colcon_distutils_commands:/home/user/ros2_ws/install/my_rb1_gazebo/lib/python3.12/site-packages:${PYTHONPATH} _=/usr/bin/env /usr/bin/python3 -W ignore:setup.py install is deprecated -W ignore:easy_install command is deprecated setup.py egg_info --egg-base ../../../build/my_rb1_gazebo build --build-base /home/user/ros2_ws/build/my_rb1_gazebo/build install --record /home/user/ros2_ws/build/my_rb1_gazebo/install.log --single-version-externally-managed install_data
[1.368s] running egg_info
[1.368s] creating ../../../build/my_rb1_gazebo/my_rb1_gazebo.egg-info
[1.388s] writing ../../../build/my_rb1_gazebo/my_rb1_gazebo.egg-info/PKG-INFO
[1.388s] writing dependency_links to ../../../build/my_rb1_gazebo/my_rb1_gazebo.egg-info/dependency_links.txt
[1.388s] writing requirements to ../../../build/my_rb1_gazebo/my_rb1_gazebo.egg-info/requires.txt
[1.388s] writing top-level names to ../../../build/my_rb1_gazebo/my_rb1_gazebo.egg-info/top_level.txt
[1.388s] writing manifest file '../../../build/my_rb1_gazebo/my_rb1_gazebo.egg-info/SOURCES.txt'
[1.426s] reading manifest file '../../../build/my_rb1_gazebo/my_rb1_gazebo.egg-info/SOURCES.txt'
[1.427s] writing manifest file '../../../build/my_rb1_gazebo/my_rb1_gazebo.egg-info/SOURCES.txt'
[1.427s] running build
[1.428s] running build_py
[1.428s] creating /home/user/ros2_ws/build/my_rb1_gazebo/build
[1.428s] creating /home/user/ros2_ws/build/my_rb1_gazebo/build/lib
[1.428s] creating /home/user/ros2_ws/build/my_rb1_gazebo/build/lib/my_rb1_gazebo
[1.428s] copying my_rb1_gazebo/__init__.py -> /home/user/ros2_ws/build/my_rb1_gazebo/build/lib/my_rb1_gazebo
[1.428s] running install
[1.435s] running install_lib
[1.455s] creating /home/user/ros2_ws/install/my_rb1_gazebo/lib/python3.12/site-packages/my_rb1_gazebo
[1.455s] copying /home/user/ros2_ws/build/my_rb1_gazebo/build/lib/my_rb1_gazebo/__init__.py -> /home/user/ros2_ws/install/my_rb1_gazebo/lib/python3.12/site-packages/my_rb1_gazebo
[1.455s] byte-compiling /home/user/ros2_ws/install/my_rb1_gazebo/lib/python3.12/site-packages/my_rb1_gazebo/__init__.py to __init__.cpython-312.pyc
[1.456s] running install_data
[1.456s] creating /home/user/ros2_ws/install/my_rb1_gazebo/share/ament_index
[1.456s] creating /home/user/ros2_ws/install/my_rb1_gazebo/share/ament_index/resource_index
[1.456s] creating /home/user/ros2_ws/install/my_rb1_gazebo/share/ament_index/resource_index/packages
[1.457s] copying resource/my_rb1_gazebo -> /home/user/ros2_ws/install/my_rb1_gazebo/share/ament_index/resource_index/packages
[1.457s] creating /home/user/ros2_ws/install/my_rb1_gazebo/share/my_rb1_gazebo/launch
[1.457s] copying launch/empty_world.launch.py -> /home/user/ros2_ws/install/my_rb1_gazebo/share/my_rb1_gazebo/launch
[1.457s] copying launch/spawn.launch.py -> /home/user/ros2_ws/install/my_rb1_gazebo/share/my_rb1_gazebo/launch
[1.457s] copying package.xml -> /home/user/ros2_ws/install/my_rb1_gazebo/share/my_rb1_gazebo
[1.457s] running install_egg_info
[1.479s] Copying ../../../build/my_rb1_gazebo/my_rb1_gazebo.egg-info to /home/user/ros2_ws/install/my_rb1_gazebo/lib/python3.12/site-packages/my_rb1_gazebo-0.0.0-py3.12.egg-info
[1.480s] running install_scripts
[1.613s] writing list of installed files to '/home/user/ros2_ws/build/my_rb1_gazebo/install.log'
[1.642s] Invoked command in '/home/user/ros2_ws/src/my_rb1_robot/my_rb1_gazebo' returned '0': PYTHONPATH=/home/user/ros2_ws/build/my_rb1_gazebo/prefix_override:/usr/lib/python3/dist-packages/colcon_core/task/python/colcon_distutils_commands:/home/user/ros2_ws/install/my_rb1_gazebo/lib/python3.12/site-packages:${PYTHONPATH} _=/usr/bin/env /usr/bin/python3 -W ignore:setup.py install is deprecated -W ignore:easy_install command is deprecated setup.py egg_info --egg-base ../../../build/my_rb1_gazebo build --build-base /home/user/ros2_ws/build/my_rb1_gazebo/build install --record /home/user/ros2_ws/build/my_rb1_gazebo/install.log --single-version-externally-managed install_data
